<?xml version="1.0" encoding="UTF-8"?>
<testsuite name="org.example.PimPamPumTest" tests="6" skipped="0" failures="0" errors="0" timestamp="2023-12-05T22:14:55" hostname="MBP-de-Miguel-4.Home" time="0.056">
  <properties/>
  <testcase name="testeNumeroDecimais()" classname="org.example.PimPamPumTest" time="0.042"/>
  <testcase name="testeNumeroNegativo()" classname="org.example.PimPamPumTest" time="0.001"/>
  <testcase name="testeNumeroDivisivelComPresenca()" classname="org.example.PimPamPumTest" time="0.001"/>
  <testcase name="testeNumeroNaoDivisivelSemNumero()" classname="org.example.PimPamPumTest" time="0.001"/>
  <testcase name="testeNumeroDivisivelPor357()" classname="org.example.PimPamPumTest" time="0.001"/>
  <testcase name="testeNumeroPresenca357()" classname="org.example.PimPamPumTest" time="0.001"/>
  <system-out><![CDATA[]]></system-out>
  <system-err><![CDATA[]]></system-err>
</testsuite>
